<?xml version="1.0" encoding="UTF-8" standalone="no"?>
<testsuite errors="0" failures="2" name="io.cucumber.core.plugin.JUnitFormatter" skipped="0" tests="2" time="5.741">
    <testcase classname="Home Page" name="_2" time="3.428">
        <failure message="Unable to establish websocket connection to http://localhost:55094/devtools/browser/c1a902a6-24f9-4852-932c-c6a63a592bb6&#10;Build info: version: '4.7.2', revision: '4d4020c3b7'&#10;System info: os.name: 'Windows 10', os.arch: 'amd64', os.version: '10.0', java.version: '17.0.4.1'&#10;Driver info: driver.version: ChromeDriver" type="org.openqa.selenium.remote.http.ConnectionFailedException"><![CDATA[Given User should be on the loginpage.......................................skipped
When User should on homepage................................................skipped
Then verify the myAccount field is displayed................................skipped

StackTrace:
org.openqa.selenium.remote.http.ConnectionFailedException: Unable to establish websocket connection to http://localhost:55094/devtools/browser/c1a902a6-24f9-4852-932c-c6a63a592bb6
Build info: version: '4.7.2', revision: '4d4020c3b7'
System info: os.name: 'Windows 10', os.arch: 'amd64', os.version: '10.0', java.version: '17.0.4.1'
Driver info: driver.version: ChromeDriver
	at org.openqa.selenium.remote.http.netty.NettyWebSocket.<init>(NettyWebSocket.java:102)
	at org.openqa.selenium.remote.http.netty.NettyWebSocket.lambda$create$3(NettyWebSocket.java:128)
	at org.openqa.selenium.remote.http.netty.NettyClient.openSocket(NettyClient.java:107)
	at org.openqa.selenium.devtools.Connection.<init>(Connection.java:78)
	at org.openqa.selenium.chromium.ChromiumDriver.lambda$new$2(ChromiumDriver.java:116)
	at java.base/java.util.Optional.map(Optional.java:260)
	at org.openqa.selenium.chromium.ChromiumDriver.<init>(ChromiumDriver.java:114)
	at org.openqa.selenium.chrome.ChromeDriver.<init>(ChromeDriver.java:82)
	at org.openqa.selenium.chrome.ChromeDriver.<init>(ChromeDriver.java:50)
	at Base.Baseclass.launch(Baseclass.java:46)
	at Stepdefinations.Hooks.launchapp(Hooks.java:16)
]]></failure>
    </testcase>
    <testcase classname="Home Page" name="_3" time="2.073">
        <failure message="Unable to establish websocket connection to http://localhost:55107/devtools/browser/5b53b655-8cf2-4933-a8aa-e2d8ef09051b&#10;Build info: version: '4.7.2', revision: '4d4020c3b7'&#10;System info: os.name: 'Windows 10', os.arch: 'amd64', os.version: '10.0', java.version: '17.0.4.1'&#10;Driver info: driver.version: ChromeDriver" type="org.openqa.selenium.remote.http.ConnectionFailedException"><![CDATA[Given User should be on the loginpage.......................................skipped
When User should on homepage................................................skipped
Then verify the requestCheckbook link field is displayed....................skipped
And click on the logout.....................................................skipped

StackTrace:
org.openqa.selenium.remote.http.ConnectionFailedException: Unable to establish websocket connection to http://localhost:55107/devtools/browser/5b53b655-8cf2-4933-a8aa-e2d8ef09051b
Build info: version: '4.7.2', revision: '4d4020c3b7'
System info: os.name: 'Windows 10', os.arch: 'amd64', os.version: '10.0', java.version: '17.0.4.1'
Driver info: driver.version: ChromeDriver
	at org.openqa.selenium.remote.http.netty.NettyWebSocket.<init>(NettyWebSocket.java:102)
	at org.openqa.selenium.remote.http.netty.NettyWebSocket.lambda$create$3(NettyWebSocket.java:128)
	at org.openqa.selenium.remote.http.netty.NettyClient.openSocket(NettyClient.java:107)
	at org.openqa.selenium.devtools.Connection.<init>(Connection.java:78)
	at org.openqa.selenium.chromium.ChromiumDriver.lambda$new$2(ChromiumDriver.java:116)
	at java.base/java.util.Optional.map(Optional.java:260)
	at org.openqa.selenium.chromium.ChromiumDriver.<init>(ChromiumDriver.java:114)
	at org.openqa.selenium.chrome.ChromeDriver.<init>(ChromeDriver.java:82)
	at org.openqa.selenium.chrome.ChromeDriver.<init>(ChromeDriver.java:50)
	at Base.Baseclass.launch(Baseclass.java:46)
	at Stepdefinations.Hooks.launchapp(Hooks.java:16)
]]></failure>
    </testcase>
</testsuite>
